<?xml version="1.0" encoding="UTF-8"?>
<!-- Generated by org.testng.reporters.JUnitReportReporter -->
<testsuite skipped="1" hostname="DESKTOP-R0QK2O8" name="day8.TestNGTesting" tests="3" failures="0" timestamp="15 Jul 2018 16:57:58 GMT" time="0.023" errors="0">
  <testcase name="testcase1" time="0.017" classname="day8.TestNGTesting"/>
  <testcase name="testcase7" time="0.006" classname="day8.TestNGTesting"/>
  <testcase name="testcase2" classname="day8.TestNGTesting">
    <skipped/>
  </testcase> <!-- testcase2 -->
</testsuite> <!-- day8.TestNGTesting -->
