<?xml version="1.0" encoding="UTF-8"?>
<!-- Generated by org.testng.reporters.JUnitReportReporter -->
<testsuite skipped="0" hostname="DESKTOP-R0QK2O8" name="day8.Guru99Project" tests="6" failures="0" timestamp="15 Jul 2018 17:30:39 GMT" time="6.111" errors="0">
  <testcase name="verifyTheTitleOfLoginPage" time="0.167" classname="day8.Guru99Project"/>
  <testcase name="verifyTheTitleOfLoginPage" time="0.028" classname="day8.Guru99Project"/>
  <testcase name="verifyTheTitleOfLoginPage" time="0.025" classname="day8.Guru99Project"/>
  <testcase name="login" time="0.580" classname="day8.Guru99Project"/>
  <testcase name="login" time="3.321" classname="day8.Guru99Project"/>
  <testcase name="login" time="1.990" classname="day8.Guru99Project"/>
</testsuite> <!-- day8.Guru99Project -->
